Library/Bee/Android/Prj/Mono2x/Gradle/launcher/build/intermediates/manifest_merge_blame_file/release/manifest-merger-blame-release-report.txt
1<?xml version="1.0" encoding="utf-8"?>
2<manifest xmlns:android="http://schemas.android.com/apk/res/android"
3    package="com.DefaultCompany.L4_Attempt_1"
4    android:installLocation="preferExternal"
5    android:versionCode="1"
6    android:versionName="0.1" >
7
8    <uses-sdk
9        android:minSdkVersion="22"
9-->src\main\AndroidManifest.xml
10        android:targetSdkVersion="29" />
10-->src\main\AndroidManifest.xml
11
12    <supports-screens
12-->src\main\AndroidManifest.xml:3:3-163
13        android:anyDensity="true"
13-->src\main\AndroidManifest.xml:3:135-160
14        android:largeScreens="true"
14-->src\main\AndroidManifest.xml:3:78-105
15        android:normalScreens="true"
15-->src\main\AndroidManifest.xml:3:49-77
16        android:smallScreens="true"
16-->src\main\AndroidManifest.xml:3:21-48
17        android:xlargeScreens="true" />
17-->src\main\AndroidManifest.xml:3:106-134
18
19    <uses-feature android:glEsVersion="0x00030000" />
19-->[:unityLibrary] AndroidManifest.xml:12:5-54
19-->[:unityLibrary] AndroidManifest.xml:12:19-51
20    <uses-feature
20-->[:unityLibrary] AndroidManifest.xml:13:5-15:36
21        android:name="android.hardware.vulkan.version"
21-->[:unityLibrary] AndroidManifest.xml:14:9-55
22        android:required="false" />
22-->[:unityLibrary] AndroidManifest.xml:15:9-33
23    <uses-feature
23-->[:unityLibrary] AndroidManifest.xml:16:5-18:36
24        android:name="android.hardware.sensor.accelerometer"
24-->[:unityLibrary] AndroidManifest.xml:17:9-61
25        android:required="false" />
25-->[:unityLibrary] AndroidManifest.xml:18:9-33
26    <uses-feature
26-->[:unityLibrary] AndroidManifest.xml:19:5-21:36
27        android:name="android.hardware.touchscreen"
27-->[:unityLibrary] AndroidManifest.xml:20:9-52
28        android:required="false" />
28-->[:unityLibrary] AndroidManifest.xml:21:9-33
29    <uses-feature
29-->[:unityLibrary] AndroidManifest.xml:22:5-24:36
30        android:name="android.hardware.touchscreen.multitouch"
30-->[:unityLibrary] AndroidManifest.xml:23:9-63
31        android:required="false" />
31-->[:unityLibrary] AndroidManifest.xml:24:9-33
32    <uses-feature
32-->[:unityLibrary] AndroidManifest.xml:25:5-27:36
33        android:name="android.hardware.touchscreen.multitouch.distinct"
33-->[:unityLibrary] AndroidManifest.xml:26:9-72
34        android:required="false" />
34-->[:unityLibrary] AndroidManifest.xml:27:9-33
35
36    <uses-permission android:name="android.permission.INTERNET" />
36-->[:bosewearable:] AndroidManifest.xml:11:5-67
36-->[:bosewearable:] AndroidManifest.xml:11:22-64
37    <uses-permission android:name="android.permission.BLUETOOTH" />
37-->[:blecore:] AndroidManifest.xml:11:5-68
37-->[:blecore:] AndroidManifest.xml:11:22-65
38    <uses-permission android:name="android.permission.BLUETOOTH_ADMIN" />
38-->[:blecore:] AndroidManifest.xml:12:5-74
38-->[:blecore:] AndroidManifest.xml:12:22-71
39    <uses-permission android:name="android.permission.ACCESS_FINE_LOCATION" />
39-->[:blecore:] AndroidManifest.xml:13:5-79
39-->[:blecore:] AndroidManifest.xml:13:22-76
40
41    <uses-feature
41-->[:blecore:] AndroidManifest.xml:15:5-17:35
42        android:name="android.hardware.bluetooth_le"
42-->[:blecore:] AndroidManifest.xml:16:9-53
43        android:required="true" />
43-->[:blecore:] AndroidManifest.xml:17:9-32
44
45    <uses-permission android:name="android.permission.ACCESS_COARSE_LOCATION" />
45-->[:BoseWearableBridge:] AndroidManifest.xml:12:5-81
45-->[:BoseWearableBridge:] AndroidManifest.xml:12:22-78
46
47    <application
47-->src\main\AndroidManifest.xml:4:3-83
48        android:appComponentFactory="androidx.core.app.CoreComponentFactory"
48-->[:core-1.1.0:] AndroidManifest.xml:24:18-86
49        android:extractNativeLibs="true"
49-->[:unityLibrary] AndroidManifest.xml:29:18-50
50        android:icon="@mipmap/app_icon"
50-->src\main\AndroidManifest.xml:4:49-80
51        android:label="@string/app_name" >
51-->src\main\AndroidManifest.xml:4:16-48
52        <activity
52-->[:unityLibrary] AndroidManifest.xml:30:9-50:20
53            android:name="com.unity3d.player.UnityPlayerActivity"
53-->[:unityLibrary] AndroidManifest.xml:31:13-66
54            android:configChanges="mcc|mnc|locale|touchscreen|keyboard|keyboardHidden|navigation|orientation|screenLayout|uiMode|screenSize|smallestScreenSize|fontScale|layoutDirection|density"
54-->[:unityLibrary] AndroidManifest.xml:32:13-194
55            android:hardwareAccelerated="false"
55-->[:unityLibrary] AndroidManifest.xml:33:13-48
56            android:launchMode="singleTask"
56-->[:unityLibrary] AndroidManifest.xml:34:13-44
57            android:resizeableActivity="false"
57-->[:unityLibrary] AndroidManifest.xml:35:13-47
58            android:screenOrientation="fullSensor"
58-->[:unityLibrary] AndroidManifest.xml:36:13-51
59            android:theme="@style/UnityThemeSelector" >
59-->[:unityLibrary] AndroidManifest.xml:37:13-54
60            <intent-filter>
60-->[:unityLibrary] AndroidManifest.xml:38:13-42:29
61                <action android:name="android.intent.action.MAIN" />
61-->[:unityLibrary] AndroidManifest.xml:39:17-69
61-->[:unityLibrary] AndroidManifest.xml:39:25-66
62
63                <category android:name="android.intent.category.LAUNCHER" />
63-->[:unityLibrary] AndroidManifest.xml:41:17-77
63-->[:unityLibrary] AndroidManifest.xml:41:27-74
64            </intent-filter>
65
66            <meta-data
66-->[:unityLibrary] AndroidManifest.xml:44:13-46:40
67                android:name="unityplayer.UnityActivity"
67-->[:unityLibrary] AndroidManifest.xml:45:17-57
68                android:value="true" />
68-->[:unityLibrary] AndroidManifest.xml:46:17-37
69            <meta-data
69-->[:unityLibrary] AndroidManifest.xml:47:13-49:40
70                android:name="android.notch_support"
70-->[:unityLibrary] AndroidManifest.xml:48:17-53
71                android:value="true" />
71-->[:unityLibrary] AndroidManifest.xml:49:17-37
72        </activity>
73
74        <meta-data
74-->[:unityLibrary] AndroidManifest.xml:52:9-54:33
75            android:name="unity.splash-mode"
75-->[:unityLibrary] AndroidManifest.xml:53:13-45
76            android:value="0" />
76-->[:unityLibrary] AndroidManifest.xml:54:13-30
77        <meta-data
77-->[:unityLibrary] AndroidManifest.xml:55:9-57:36
78            android:name="unity.splash-enable"
78-->[:unityLibrary] AndroidManifest.xml:56:13-47
79            android:value="True" />
79-->[:unityLibrary] AndroidManifest.xml:57:13-33
80        <meta-data
80-->[:unityLibrary] AndroidManifest.xml:58:9-60:36
81            android:name="unity.launch-fullscreen"
81-->[:unityLibrary] AndroidManifest.xml:59:13-51
82            android:value="True" />
82-->[:unityLibrary] AndroidManifest.xml:60:13-33
83        <meta-data
83-->[:unityLibrary] AndroidManifest.xml:61:9-63:37
84            android:name="unity.allow-resizable-window"
84-->[:unityLibrary] AndroidManifest.xml:62:13-56
85            android:value="False" />
85-->[:unityLibrary] AndroidManifest.xml:63:13-34
86        <meta-data
86-->[:unityLibrary] AndroidManifest.xml:64:9-66:50
87            android:name="notch.config"
87-->[:unityLibrary] AndroidManifest.xml:65:13-40
88            android:value="portrait|landscape" />
88-->[:unityLibrary] AndroidManifest.xml:66:13-47
89        <meta-data
89-->[:play-services-basement-17.0.0:] AndroidManifest.xml:23:9-25:69
90            android:name="com.google.android.gms.version"
90-->[:play-services-basement-17.0.0:] AndroidManifest.xml:24:13-58
91            android:value="@integer/google_play_services_version" />
91-->[:play-services-basement-17.0.0:] AndroidManifest.xml:25:13-66
92    </application>
93
94</manifest>